<?xml version="1.0" encoding="UTF-8"?>
<testsuite name="com.yeongho.springboot.web.HelloControllerTest" tests="2" skipped="0" failures="0" errors="0" timestamp="2021-01-14T06:49:02" hostname="gim-yeonghoui-MacBookPro.local" time="0.232">
  <properties/>
  <testcase name="returnHelloDto" classname="com.yeongho.springboot.web.HelloControllerTest" time="0.226"/>
  <testcase name="returnHello" classname="com.yeongho.springboot.web.HelloControllerTest" time="0.005"/>
  <system-out><![CDATA[15:48:59.981 [Test worker] DEBUG org.springframework.test.context.junit4.SpringJUnit4ClassRunner - SpringJUnit4ClassRunner constructor called with [class com.yeongho.springboot.web.HelloControllerTest]
15:48:59.988 [Test worker] DEBUG org.springframework.test.context.BootstrapUtils - Instantiating CacheAwareContextLoaderDelegate from class [org.springframework.test.context.cache.DefaultCacheAwareContextLoaderDelegate]
15:48:59.994 [Test worker] DEBUG org.springframework.test.context.BootstrapUtils - Instantiating BootstrapContext using constructor [public org.springframework.test.context.support.DefaultBootstrapContext(java.lang.Class,org.springframework.test.context.CacheAwareContextLoaderDelegate)]
15:49:00.013 [Test worker] DEBUG org.springframework.test.context.BootstrapUtils - Instantiating TestContextBootstrapper for test class [com.yeongho.springboot.web.HelloControllerTest] from class [org.springframework.boot.test.autoconfigure.web.servlet.WebMvcTestContextBootstrapper]
15:49:00.030 [Test worker] INFO org.springframework.boot.test.autoconfigure.web.servlet.WebMvcTestContextBootstrapper - Neither @ContextConfiguration nor @ContextHierarchy found for test class [com.yeongho.springboot.web.HelloControllerTest], using SpringBootContextLoader
15:49:00.033 [Test worker] DEBUG org.springframework.test.context.support.AbstractContextLoader - Did not detect default resource location for test class [com.yeongho.springboot.web.HelloControllerTest]: class path resource [com/yeongho/springboot/web/HelloControllerTest-context.xml] does not exist
15:49:00.033 [Test worker] DEBUG org.springframework.test.context.support.AbstractContextLoader - Did not detect default resource location for test class [com.yeongho.springboot.web.HelloControllerTest]: class path resource [com/yeongho/springboot/web/HelloControllerTestContext.groovy] does not exist
15:49:00.033 [Test worker] INFO org.springframework.test.context.support.AbstractContextLoader - Could not detect default resource locations for test class [com.yeongho.springboot.web.HelloControllerTest]: no resource found for suffixes {-context.xml, Context.groovy}.
15:49:00.034 [Test worker] INFO org.springframework.test.context.support.AnnotationConfigContextLoaderUtils - Could not detect default configuration classes for test class [com.yeongho.springboot.web.HelloControllerTest]: HelloControllerTest does not declare any static, non-private, non-final, nested classes annotated with @Configuration.
15:49:00.089 [Test worker] DEBUG org.springframework.test.context.support.ActiveProfilesUtils - Could not find an 'annotation declaring class' for annotation type [org.springframework.test.context.ActiveProfiles] and class [com.yeongho.springboot.web.HelloControllerTest]
15:49:00.159 [Test worker] DEBUG org.springframework.context.annotation.ClassPathScanningCandidateComponentProvider - Identified candidate component class: file [/Users/kim_yeongho/Desktop/Desktop/SpringBoot/build/classes/java/main/com/yeongho/springboot/Application.class]
15:49:00.160 [Test worker] INFO org.springframework.boot.test.context.SpringBootTestContextBootstrapper - Found @SpringBootConfiguration com.yeongho.springboot.Application for test class com.yeongho.springboot.web.HelloControllerTest
15:49:00.161 [Test worker] DEBUG org.springframework.boot.test.autoconfigure.web.servlet.WebMvcTestContextBootstrapper - @TestExecutionListeners is not present for class [com.yeongho.springboot.web.HelloControllerTest]: using defaults.
15:49:00.162 [Test worker] INFO org.springframework.boot.test.autoconfigure.web.servlet.WebMvcTestContextBootstrapper - Loaded default TestExecutionListener class names from location [META-INF/spring.factories]: [org.springframework.security.test.context.support.WithSecurityContextTestExecutionListener, org.springframework.security.test.context.support.ReactorContextTestExecutionListener, org.springframework.boot.test.autoconfigure.restdocs.RestDocsTestExecutionListener, org.springframework.boot.test.autoconfigure.web.client.MockRestServiceServerResetTestExecutionListener, org.springframework.boot.test.autoconfigure.web.servlet.MockMvcPrintOnlyOnFailureTestExecutionListener, org.springframework.boot.test.autoconfigure.web.servlet.WebDriverTestExecutionListener, org.springframework.boot.test.mock.mockito.MockitoTestExecutionListener, org.springframework.boot.test.mock.mockito.ResetMocksTestExecutionListener, org.springframework.test.context.web.ServletTestExecutionListener, org.springframework.test.context.support.DirtiesContextBeforeModesTestExecutionListener, org.springframework.test.context.support.DependencyInjectionTestExecutionListener, org.springframework.test.context.support.DirtiesContextTestExecutionListener, org.springframework.test.context.transaction.TransactionalTestExecutionListener, org.springframework.test.context.jdbc.SqlScriptsTestExecutionListener]
15:49:00.175 [Test worker] INFO org.springframework.boot.test.autoconfigure.web.servlet.WebMvcTestContextBootstrapper - Using TestExecutionListeners: [org.springframework.test.context.web.ServletTestExecutionListener@4198c3e0, org.springframework.test.context.support.DirtiesContextBeforeModesTestExecutionListener@416010c9, org.springframework.boot.test.mock.mockito.MockitoTestExecutionListener@5704e4f7, org.springframework.boot.test.autoconfigure.SpringBootDependencyInjectionTestExecutionListener@4be0c465, org.springframework.test.context.support.DirtiesContextTestExecutionListener@4c60893a, org.springframework.test.context.transaction.TransactionalTestExecutionListener@d473e27, org.springframework.test.context.jdbc.SqlScriptsTestExecutionListener@7d945024, org.springframework.security.test.context.support.WithSecurityContextTestExecutionListener@301a701f, org.springframework.security.test.context.support.ReactorContextTestExecutionListener@787b067f, org.springframework.boot.test.autoconfigure.restdocs.RestDocsTestExecutionListener@4c79b951, org.springframework.boot.test.autoconfigure.web.client.MockRestServiceServerResetTestExecutionListener@13b3c58a, org.springframework.boot.test.autoconfigure.web.servlet.MockMvcPrintOnlyOnFailureTestExecutionListener@70cad56b, org.springframework.boot.test.autoconfigure.web.servlet.WebDriverTestExecutionListener@50227df3, org.springframework.boot.test.mock.mockito.ResetMocksTestExecutionListener@5190f597]
15:49:00.177 [Test worker] DEBUG org.springframework.test.annotation.ProfileValueUtils - Retrieved @ProfileValueSourceConfiguration [null] for test class [com.yeongho.springboot.web.HelloControllerTest]
15:49:00.177 [Test worker] DEBUG org.springframework.test.annotation.ProfileValueUtils - Retrieved ProfileValueSource type [class org.springframework.test.annotation.SystemProfileValueSource] for class [com.yeongho.springboot.web.HelloControllerTest]
15:49:00.178 [Test worker] DEBUG org.springframework.test.annotation.ProfileValueUtils - Retrieved @ProfileValueSourceConfiguration [null] for test class [com.yeongho.springboot.web.HelloControllerTest]
15:49:00.178 [Test worker] DEBUG org.springframework.test.annotation.ProfileValueUtils - Retrieved ProfileValueSource type [class org.springframework.test.annotation.SystemProfileValueSource] for class [com.yeongho.springboot.web.HelloControllerTest]
15:49:00.181 [Test worker] DEBUG org.springframework.test.context.support.AbstractDirtiesContextTestExecutionListener - Before test class: context [DefaultTestContext@4d5d33ee testClass = HelloControllerTest, testInstance = [null], testMethod = [null], testException = [null], mergedContextConfiguration = [WebMergedContextConfiguration@79de142a testClass = HelloControllerTest, locations = '{}', classes = '{class com.yeongho.springboot.Application}', contextInitializerClasses = '[]', activeProfiles = '{}', propertySourceLocations = '{}', propertySourceProperties = '{org.springframework.boot.test.autoconfigure.web.servlet.WebMvcTestContextBootstrapper=true}', contextCustomizers = set[org.springframework.boot.test.autoconfigure.OverrideAutoConfigurationContextCustomizerFactory$DisableAutoConfigurationContextCustomizer@7240a8db, org.springframework.boot.test.autoconfigure.filter.TypeExcludeFiltersContextCustomizer@a8452b6c, org.springframework.boot.test.autoconfigure.properties.PropertyMappingContextCustomizer@bcd93796, org.springframework.boot.test.autoconfigure.web.servlet.WebDriverContextCustomizerFactory$Customizer@b83334e, [ImportsContextCustomizer@f8642e4 key = [org.springframework.boot.autoconfigure.cache.CacheAutoConfiguration, org.springframework.boot.autoconfigure.context.MessageSourceAutoConfiguration, org.springframework.boot.autoconfigure.data.web.SpringDataWebAutoConfiguration, org.springframework.boot.autoconfigure.freemarker.FreeMarkerAutoConfiguration, org.springframework.boot.autoconfigure.groovy.template.GroovyTemplateAutoConfiguration, org.springframework.boot.autoconfigure.gson.GsonAutoConfiguration, org.springframework.boot.autoconfigure.hateoas.HypermediaAutoConfiguration, org.springframework.boot.autoconfigure.http.HttpMessageConvertersAutoConfiguration, org.springframework.boot.autoconfigure.jackson.JacksonAutoConfiguration, org.springframework.boot.autoconfigure.jsonb.JsonbAutoConfiguration, org.springframework.boot.autoconfigure.mustache.MustacheAutoConfiguration, org.springframework.boot.autoconfigure.task.TaskExecutionAutoConfiguration, org.springframework.boot.autoconfigure.thymeleaf.ThymeleafAutoConfiguration, org.springframework.boot.autoconfigure.validation.ValidationAutoConfiguration, org.springframework.boot.autoconfigure.web.servlet.error.ErrorMvcAutoConfiguration, org.springframework.boot.autoconfigure.web.servlet.WebMvcAutoConfiguration, org.springframework.boot.test.autoconfigure.web.servlet.MockMvcAutoConfiguration, org.springframework.boot.test.autoconfigure.web.servlet.MockMvcSecurityAutoConfiguration, org.springframework.boot.test.autoconfigure.web.servlet.MockMvcWebClientAutoConfiguration, org.springframework.boot.test.autoconfigure.web.servlet.MockMvcWebDriverAutoConfiguration]], org.springframework.boot.test.context.filter.ExcludeFilterContextCustomizer@3ac5e5a6, org.springframework.boot.test.json.DuplicateJsonObjectContextCustomizerFactory$DuplicateJsonObjectContextCustomizer@1ee16bb4, org.springframework.boot.test.mock.mockito.MockitoContextCustomizer@0], resourceBasePath = 'src/main/webapp', contextLoader = 'org.springframework.boot.test.context.SpringBootContextLoader', parent = [null]], attributes = map[[empty]]], class annotated with @DirtiesContext [false] with mode [null].
15:49:00.181 [Test worker] DEBUG org.springframework.test.annotation.ProfileValueUtils - Retrieved @ProfileValueSourceConfiguration [null] for test class [com.yeongho.springboot.web.HelloControllerTest]
15:49:00.182 [Test worker] DEBUG org.springframework.test.annotation.ProfileValueUtils - Retrieved ProfileValueSource type [class org.springframework.test.annotation.SystemProfileValueSource] for class [com.yeongho.springboot.web.HelloControllerTest]
15:49:00.185 [Test worker] DEBUG org.springframework.test.context.support.DependencyInjectionTestExecutionListener - Performing dependency injection for test context [[DefaultTestContext@4d5d33ee testClass = HelloControllerTest, testInstance = com.yeongho.springboot.web.HelloControllerTest@4f56632a, testMethod = [null], testException = [null], mergedContextConfiguration = [WebMergedContextConfiguration@79de142a testClass = HelloControllerTest, locations = '{}', classes = '{class com.yeongho.springboot.Application}', contextInitializerClasses = '[]', activeProfiles = '{}', propertySourceLocations = '{}', propertySourceProperties = '{org.springframework.boot.test.autoconfigure.web.servlet.WebMvcTestContextBootstrapper=true}', contextCustomizers = set[org.springframework.boot.test.autoconfigure.OverrideAutoConfigurationContextCustomizerFactory$DisableAutoConfigurationContextCustomizer@7240a8db, org.springframework.boot.test.autoconfigure.filter.TypeExcludeFiltersContextCustomizer@a8452b6c, org.springframework.boot.test.autoconfigure.properties.PropertyMappingContextCustomizer@bcd93796, org.springframework.boot.test.autoconfigure.web.servlet.WebDriverContextCustomizerFactory$Customizer@b83334e, [ImportsContextCustomizer@f8642e4 key = [org.springframework.boot.autoconfigure.cache.CacheAutoConfiguration, org.springframework.boot.autoconfigure.context.MessageSourceAutoConfiguration, org.springframework.boot.autoconfigure.data.web.SpringDataWebAutoConfiguration, org.springframework.boot.autoconfigure.freemarker.FreeMarkerAutoConfiguration, org.springframework.boot.autoconfigure.groovy.template.GroovyTemplateAutoConfiguration, org.springframework.boot.autoconfigure.gson.GsonAutoConfiguration, org.springframework.boot.autoconfigure.hateoas.HypermediaAutoConfiguration, org.springframework.boot.autoconfigure.http.HttpMessageConvertersAutoConfiguration, org.springframework.boot.autoconfigure.jackson.JacksonAutoConfiguration, org.springframework.boot.autoconfigure.jsonb.JsonbAutoConfiguration, org.springframework.boot.autoconfigure.mustache.MustacheAutoConfiguration, org.springframework.boot.autoconfigure.task.TaskExecutionAutoConfiguration, org.springframework.boot.autoconfigure.thymeleaf.ThymeleafAutoConfiguration, org.springframework.boot.autoconfigure.validation.ValidationAutoConfiguration, org.springframework.boot.autoconfigure.web.servlet.error.ErrorMvcAutoConfiguration, org.springframework.boot.autoconfigure.web.servlet.WebMvcAutoConfiguration, org.springframework.boot.test.autoconfigure.web.servlet.MockMvcAutoConfiguration, org.springframework.boot.test.autoconfigure.web.servlet.MockMvcSecurityAutoConfiguration, org.springframework.boot.test.autoconfigure.web.servlet.MockMvcWebClientAutoConfiguration, org.springframework.boot.test.autoconfigure.web.servlet.MockMvcWebDriverAutoConfiguration]], org.springframework.boot.test.context.filter.ExcludeFilterContextCustomizer@3ac5e5a6, org.springframework.boot.test.json.DuplicateJsonObjectContextCustomizerFactory$DuplicateJsonObjectContextCustomizer@1ee16bb4, org.springframework.boot.test.mock.mockito.MockitoContextCustomizer@0], resourceBasePath = 'src/main/webapp', contextLoader = 'org.springframework.boot.test.context.SpringBootContextLoader', parent = [null]], attributes = map[[empty]]]].
15:49:00.275 [Test worker] DEBUG org.springframework.test.context.support.TestPropertySourceUtils - Adding inlined properties to environment: {spring.jmx.enabled=false, org.springframework.boot.test.autoconfigure.web.servlet.WebMvcTestContextBootstrapper=true, server.port=-1}

  .   ____          _            __ _ _
 /\\ / ___'_ __ _ _(_)_ __  __ _ \ \ \ \
( ( )\___ | '_ | '_| | '_ \/ _` | \ \ \ \
 \\/  ___)| |_)| | | | | || (_| |  ) ) ) )
  '  |____| .__|_| |_|_| |_\__, | / / / /
 =========|_|==============|___/=/_/_/_/
 :: Spring Boot ::        (v2.1.9.RELEASE)

2021-01-14 15:49:00.680  INFO 25163 --- [    Test worker] c.y.springboot.web.HelloControllerTest   : Starting HelloControllerTest on gim-yeonghoui-MacBookPro.local with PID 25163 (started by kim_yeongho in /Users/kim_yeongho/Desktop/Desktop/SpringBoot)
2021-01-14 15:49:00.682  INFO 25163 --- [    Test worker] c.y.springboot.web.HelloControllerTest   : No active profile set, falling back to default profiles: default
2021-01-14 15:49:01.688  INFO 25163 --- [    Test worker] o.s.s.concurrent.ThreadPoolTaskExecutor  : Initializing ExecutorService 'applicationTaskExecutor'
2021-01-14 15:49:01.759  INFO 25163 --- [    Test worker] o.s.b.a.w.s.WelcomePageHandlerMapping    : Adding welcome page template: index
2021-01-14 15:49:02.035  INFO 25163 --- [    Test worker] .s.s.UserDetailsServiceAutoConfiguration : 

Using generated security password: 329a9a3a-62a0-4baf-8cea-50b68324674d

2021-01-14 15:49:02.186  INFO 25163 --- [    Test worker] o.s.s.web.DefaultSecurityFilterChain     : Creating filter chain: any request, [org.springframework.security.web.context.request.async.WebAsyncManagerIntegrationFilter@1df7e99c, org.springframework.security.web.context.SecurityContextPersistenceFilter@7b2b0068, org.springframework.security.web.header.HeaderWriterFilter@25991ca2, org.springframework.security.web.csrf.CsrfFilter@50bdfe11, org.springframework.security.web.authentication.logout.LogoutFilter@30353283, org.springframework.security.web.authentication.UsernamePasswordAuthenticationFilter@705fa3f9, org.springframework.security.web.authentication.ui.DefaultLoginPageGeneratingFilter@59e7f333, org.springframework.security.web.authentication.ui.DefaultLogoutPageGeneratingFilter@23a97f1c, org.springframework.security.web.authentication.www.BasicAuthenticationFilter@5549a79a, org.springframework.security.web.savedrequest.RequestCacheAwareFilter@782f24ac, org.springframework.security.web.servletapi.SecurityContextHolderAwareRequestFilter@3febfc6b, org.springframework.security.web.authentication.AnonymousAuthenticationFilter@28d3eaf4, org.springframework.security.web.session.SessionManagementFilter@11a2326f, org.springframework.security.web.access.ExceptionTranslationFilter@5bba4cf6, org.springframework.security.web.access.intercept.FilterSecurityInterceptor@6b133f6e]
2021-01-14 15:49:02.223  INFO 25163 --- [    Test worker] o.s.b.t.m.w.SpringBootMockServletContext : Initializing Spring TestDispatcherServlet ''
2021-01-14 15:49:02.223  INFO 25163 --- [    Test worker] o.s.t.web.servlet.TestDispatcherServlet  : Initializing Servlet ''
2021-01-14 15:49:02.235  INFO 25163 --- [    Test worker] o.s.t.web.servlet.TestDispatcherServlet  : Completed initialization in 11 ms
2021-01-14 15:49:02.276  INFO 25163 --- [    Test worker] c.y.springboot.web.HelloControllerTest   : Started HelloControllerTest in 1.993 seconds (JVM running for 2.833)
]]></system-out>
  <system-err><![CDATA[]]></system-err>
</testsuite>
