<?xml version="1.0" encoding="UTF-8"?>
<testsuite name="com.yeongho.springboot.web.IndexControllerTest" tests="1" skipped="0" failures="0" errors="0" timestamp="2021-01-14T06:49:06" hostname="gim-yeonghoui-MacBookPro.local" time="0.203">
  <properties/>
  <testcase name="loadingMainpage" classname="com.yeongho.springboot.web.IndexControllerTest" time="0.203"/>
  <system-out><![CDATA[2021-01-14 15:49:02.516  INFO 25163 --- [    Test worker] .b.t.c.SpringBootTestContextBootstrapper : Neither @ContextConfiguration nor @ContextHierarchy found for test class [com.yeongho.springboot.web.IndexControllerTest], using SpringBootContextLoader
2021-01-14 15:49:02.516  INFO 25163 --- [    Test worker] o.s.t.c.support.AbstractContextLoader    : Could not detect default resource locations for test class [com.yeongho.springboot.web.IndexControllerTest]: no resource found for suffixes {-context.xml, Context.groovy}.
2021-01-14 15:49:02.516  INFO 25163 --- [    Test worker] t.c.s.AnnotationConfigContextLoaderUtils : Could not detect default configuration classes for test class [com.yeongho.springboot.web.IndexControllerTest]: IndexControllerTest does not declare any static, non-private, non-final, nested classes annotated with @Configuration.
2021-01-14 15:49:02.518  INFO 25163 --- [    Test worker] .b.t.c.SpringBootTestContextBootstrapper : Found @SpringBootConfiguration com.yeongho.springboot.Application for test class com.yeongho.springboot.web.IndexControllerTest
2021-01-14 15:49:02.519  INFO 25163 --- [    Test worker] .b.t.c.SpringBootTestContextBootstrapper : Loaded default TestExecutionListener class names from location [META-INF/spring.factories]: [org.springframework.security.test.context.support.WithSecurityContextTestExecutionListener, org.springframework.security.test.context.support.ReactorContextTestExecutionListener, org.springframework.boot.test.autoconfigure.restdocs.RestDocsTestExecutionListener, org.springframework.boot.test.autoconfigure.web.client.MockRestServiceServerResetTestExecutionListener, org.springframework.boot.test.autoconfigure.web.servlet.MockMvcPrintOnlyOnFailureTestExecutionListener, org.springframework.boot.test.autoconfigure.web.servlet.WebDriverTestExecutionListener, org.springframework.boot.test.mock.mockito.MockitoTestExecutionListener, org.springframework.boot.test.mock.mockito.ResetMocksTestExecutionListener, org.springframework.test.context.web.ServletTestExecutionListener, org.springframework.test.context.support.DirtiesContextBeforeModesTestExecutionListener, org.springframework.test.context.support.DependencyInjectionTestExecutionListener, org.springframework.test.context.support.DirtiesContextTestExecutionListener, org.springframework.test.context.transaction.TransactionalTestExecutionListener, org.springframework.test.context.jdbc.SqlScriptsTestExecutionListener]
2021-01-14 15:49:02.520  INFO 25163 --- [    Test worker] .b.t.c.SpringBootTestContextBootstrapper : Using TestExecutionListeners: [org.springframework.test.context.web.ServletTestExecutionListener@4f8f2539, org.springframework.test.context.support.DirtiesContextBeforeModesTestExecutionListener@7d47006d, org.springframework.boot.test.mock.mockito.MockitoTestExecutionListener@26c3abb1, org.springframework.boot.test.autoconfigure.SpringBootDependencyInjectionTestExecutionListener@776054d8, org.springframework.test.context.support.DirtiesContextTestExecutionListener@41f011e0, org.springframework.test.context.transaction.TransactionalTestExecutionListener@4f135db, org.springframework.test.context.jdbc.SqlScriptsTestExecutionListener@3fd488d7, org.springframework.security.test.context.support.WithSecurityContextTestExecutionListener@4a67cd61, org.springframework.security.test.context.support.ReactorContextTestExecutionListener@bd9badc, org.springframework.boot.test.autoconfigure.restdocs.RestDocsTestExecutionListener@60b0991, org.springframework.boot.test.autoconfigure.web.client.MockRestServiceServerResetTestExecutionListener@1d82bbb7, org.springframework.boot.test.autoconfigure.web.servlet.MockMvcPrintOnlyOnFailureTestExecutionListener@697a61a3, org.springframework.boot.test.autoconfigure.web.servlet.WebDriverTestExecutionListener@2fb3390a, org.springframework.boot.test.mock.mockito.ResetMocksTestExecutionListener@712aeaec]

  .   ____          _            __ _ _
 /\\ / ___'_ __ _ _(_)_ __  __ _ \ \ \ \
( ( )\___ | '_ | '_| | '_ \/ _` | \ \ \ \
 \\/  ___)| |_)| | | | | || (_| |  ) ) ) )
  '  |____| .__|_| |_|_| |_\__, | / / / /
 =========|_|==============|___/=/_/_/_/
 :: Spring Boot ::        (v2.1.9.RELEASE)

2021-01-14 15:49:02.542  INFO 25163 --- [    Test worker] c.y.springboot.web.IndexControllerTest   : Starting IndexControllerTest on gim-yeonghoui-MacBookPro.local with PID 25163 (started by kim_yeongho in /Users/kim_yeongho/Desktop/Desktop/SpringBoot)
2021-01-14 15:49:02.543  INFO 25163 --- [    Test worker] c.y.springboot.web.IndexControllerTest   : No active profile set, falling back to default profiles: default
2021-01-14 15:49:02.816  INFO 25163 --- [    Test worker] .s.d.r.c.RepositoryConfigurationDelegate : Bootstrapping Spring Data repositories in DEFAULT mode.
2021-01-14 15:49:02.870  INFO 25163 --- [    Test worker] .s.d.r.c.RepositoryConfigurationDelegate : Finished Spring Data repository scanning in 47ms. Found 2 repository interfaces.
2021-01-14 15:49:03.086  INFO 25163 --- [    Test worker] trationDelegate$BeanPostProcessorChecker : Bean 'org.springframework.transaction.annotation.ProxyTransactionManagementConfiguration' of type [org.springframework.transaction.annotation.ProxyTransactionManagementConfiguration$$EnhancerBySpringCGLIB$$1184dc7e] is not eligible for getting processed by all BeanPostProcessors (for example: not eligible for auto-proxying)
2021-01-14 15:49:03.362  INFO 25163 --- [    Test worker] o.s.b.w.embedded.tomcat.TomcatWebServer  : Tomcat initialized with port(s): 0 (http)
2021-01-14 15:49:03.390  INFO 25163 --- [    Test worker] o.apache.catalina.core.StandardService   : Starting service [Tomcat]
2021-01-14 15:49:03.390  INFO 25163 --- [    Test worker] org.apache.catalina.core.StandardEngine  : Starting Servlet engine: [Apache Tomcat/9.0.26]
2021-01-14 15:49:03.492  INFO 25163 --- [    Test worker] o.a.c.c.C.[Tomcat].[localhost].[/]       : Initializing Spring embedded WebApplicationContext
2021-01-14 15:49:03.493  INFO 25163 --- [    Test worker] o.s.web.context.ContextLoader            : Root WebApplicationContext: initialization completed in 949 ms
2021-01-14 15:49:03.713  INFO 25163 --- [    Test worker] com.zaxxer.hikari.HikariDataSource       : HikariPool-1 - Starting...
2021-01-14 15:49:03.857  INFO 25163 --- [    Test worker] com.zaxxer.hikari.HikariDataSource       : HikariPool-1 - Start completed.
2021-01-14 15:49:03.945  INFO 25163 --- [    Test worker] o.hibernate.jpa.internal.util.LogHelper  : HHH000204: Processing PersistenceUnitInfo [
	name: default
	...]
2021-01-14 15:49:04.016  INFO 25163 --- [    Test worker] org.hibernate.Version                    : HHH000412: Hibernate Core {5.3.12.Final}
2021-01-14 15:49:04.018  INFO 25163 --- [    Test worker] org.hibernate.cfg.Environment            : HHH000206: hibernate.properties not found
2021-01-14 15:49:04.075  INFO 25163 --- [    Test worker] o.hibernate.annotations.common.Version   : HCANN000001: Hibernate Commons Annotations {5.0.4.Final}
2021-01-14 15:49:04.259  INFO 25163 --- [    Test worker] org.hibernate.dialect.Dialect            : HHH000400: Using dialect: org.hibernate.dialect.MySQL5InnoDBDialect
Hibernate: drop table if exists posts
Hibernate: drop table if exists user
Hibernate: create table posts (id bigint not null auto_increment, created_date datetime, modified_date datetime, author varchar(255), content TEXT not null, title varchar(500) not null, primary key (id)) engine=InnoDB
Hibernate: create table user (id bigint not null auto_increment, created_date datetime, modified_date datetime, email varchar(255) not null, name varchar(255) not null, picture varchar(255), role varchar(255) not null, primary key (id)) engine=InnoDB
2021-01-14 15:49:05.100  INFO 25163 --- [    Test worker] o.h.t.schema.internal.SchemaCreatorImpl  : HHH000476: Executing import script 'org.hibernate.tool.schema.internal.exec.ScriptSourceInputNonExistentImpl@69aa09a1'
2021-01-14 15:49:05.103  INFO 25163 --- [    Test worker] j.LocalContainerEntityManagerFactoryBean : Initialized JPA EntityManagerFactory for persistence unit 'default'
2021-01-14 15:49:05.739  INFO 25163 --- [    Test worker] o.h.h.i.QueryTranslatorFactoryInitiator  : HHH000397: Using ASTQueryTranslatorFactory
2021-01-14 15:49:06.039  INFO 25163 --- [    Test worker] o.s.s.web.DefaultSecurityFilterChain     : Creating filter chain: any request, [org.springframework.security.web.context.request.async.WebAsyncManagerIntegrationFilter@388e114e, org.springframework.security.web.context.SecurityContextPersistenceFilter@6f566460, org.springframework.security.web.header.HeaderWriterFilter@21c36f8a, org.springframework.security.web.authentication.logout.LogoutFilter@141bd3ec, org.springframework.security.oauth2.client.web.OAuth2AuthorizationRequestRedirectFilter@647aa312, org.springframework.security.oauth2.client.web.OAuth2LoginAuthenticationFilter@13c9c0de, org.springframework.security.web.authentication.ui.DefaultLoginPageGeneratingFilter@48b2dbfe, org.springframework.security.web.authentication.ui.DefaultLogoutPageGeneratingFilter@256c8b85, org.springframework.security.web.savedrequest.RequestCacheAwareFilter@19dcc531, org.springframework.security.web.servletapi.SecurityContextHolderAwareRequestFilter@23d956bf, org.springframework.security.web.authentication.AnonymousAuthenticationFilter@787e70c6, org.springframework.security.web.session.SessionManagementFilter@27099133, org.springframework.security.web.access.ExceptionTranslationFilter@a3f886b, org.springframework.security.web.access.intercept.FilterSecurityInterceptor@1c273336]
2021-01-14 15:49:06.261  INFO 25163 --- [    Test worker] o.s.s.concurrent.ThreadPoolTaskExecutor  : Initializing ExecutorService 'applicationTaskExecutor'
2021-01-14 15:49:06.279  WARN 25163 --- [    Test worker] aWebConfiguration$JpaWebMvcConfiguration : spring.jpa.open-in-view is enabled by default. Therefore, database queries may be performed during view rendering. Explicitly configure spring.jpa.open-in-view to disable this warning
2021-01-14 15:49:06.314  INFO 25163 --- [    Test worker] o.s.b.a.w.s.WelcomePageHandlerMapping    : Adding welcome page template: index
2021-01-14 15:49:06.582  INFO 25163 --- [    Test worker] s.a.ScheduledAnnotationBeanPostProcessor : No TaskScheduler/ScheduledExecutorService bean found for scheduled processing
2021-01-14 15:49:06.608  INFO 25163 --- [    Test worker] o.s.b.w.embedded.tomcat.TomcatWebServer  : Tomcat started on port(s): 50232 (http) with context path ''
2021-01-14 15:49:06.609  INFO 25163 --- [    Test worker] c.y.springboot.web.IndexControllerTest   : Started IndexControllerTest in 4.088 seconds (JVM running for 7.167)
2021-01-14 15:49:06.700  INFO 25163 --- [o-auto-1-exec-1] o.a.c.c.C.[Tomcat].[localhost].[/]       : Initializing Spring DispatcherServlet 'dispatcherServlet'
2021-01-14 15:49:06.700  INFO 25163 --- [o-auto-1-exec-1] o.s.web.servlet.DispatcherServlet        : Initializing Servlet 'dispatcherServlet'
2021-01-14 15:49:06.716  INFO 25163 --- [o-auto-1-exec-1] o.s.web.servlet.DispatcherServlet        : Completed initialization in 16 ms
Hibernate: select posts0_.id as id1_0_, posts0_.created_date as created_2_0_, posts0_.modified_date as modified3_0_, posts0_.author as author4_0_, posts0_.content as content5_0_, posts0_.title as title6_0_ from posts posts0_ order by posts0_.id DESC
]]></system-out>
  <system-err><![CDATA[]]></system-err>
</testsuite>
