<?xml version="1.0" encoding="UTF-8"?>
<testsuite name="com.yeongho.springboot.web.Dto.HelloResponseDtoTest" tests="1" skipped="0" failures="0" errors="0" timestamp="2021-01-14T06:48:59" hostname="gim-yeonghoui-MacBookPro.local" time="0.04">
  <properties/>
  <testcase name="lombokFuncTest" classname="com.yeongho.springboot.web.Dto.HelloResponseDtoTest" time="0.04"/>
  <system-out><![CDATA[]]></system-out>
  <system-err><![CDATA[]]></system-err>
</testsuite>
